TN:
SF:/Users/tjs/repo/hgvs-rs/hgvs-weaver/src/altseq.rs
FN:31,AltSeqBuilder<'a>::build_altseq
FN:179,AltSeqBuilder<'a>::get_variant_indices
FN:187,AltSeqBuilder<'a>::pos_to_idx
FNF:3
FNDA:30,AltSeqBuilder<'a>::build_altseq
FNDA:30,AltSeqBuilder<'a>::get_variant_indices
FNDA:47,AltSeqBuilder<'a>::pos_to_idx
DA:31,30
DA:32,120
DA:35,15
DA:36,14
DA:37,50
DA:38,36
DA:39,9
DA:40,0
DA:41,0
DA:42,0
DA:43,0
DA:44,0
DA:49,16
DA:53,120
DA:54,90
DA:55,60
DA:57,93
DA:58,30
DA:59,50
DA:60,75
DA:61,30
DA:63,60
DA:64,5
DA:65,2
DA:66,4
DA:67,5
DA:69,42
DA:70,51
DA:71,18
DA:72,0
DA:74,28
DA:75,56
DA:76,93
DA:77,28
DA:78,84
DA:81,30
DA:83,10
DA:84,20
DA:85,0
DA:86,0
DA:87,10
DA:89,20
DA:90,40
DA:91,50
DA:92,10
DA:94,3
DA:95,6
DA:96,15
DA:97,6
DA:98,12
DA:99,18
DA:100,3
DA:102,0
DA:103,0
DA:104,0
DA:105,0
DA:106,0
DA:108,0
DA:109,0
DA:110,0
DA:111,0
DA:112,0
DA:113,0
DA:115,0
DA:116,0
DA:117,0
DA:118,0
DA:119,0
DA:120,0
DA:121,0
DA:122,0
DA:124,4
DA:125,10
DA:126,0
DA:128,4
DA:129,0
DA:130,36
DA:131,54
DA:132,16
DA:133,2
DA:136,4
DA:137,16
DA:138,4
DA:139,4
DA:140,8
DA:141,12
DA:143,6
DA:144,2
DA:146,0
DA:147,0
DA:150,60
DA:151,60
DA:152,90
DA:153,120
DA:154,60
DA:155,0
DA:161,90
DA:162,60
DA:164,0
DA:165,30
DA:166,30
DA:167,30
DA:168,30
DA:169,60
DA:170,30
DA:171,30
DA:172,60
DA:173,30
DA:174,0
DA:175,60
DA:179,30
DA:180,120
DA:181,120
DA:182,141
DA:183,30
DA:184,30
DA:187,47
DA:188,141
DA:190,94
DA:191,0
DA:194,94
DA:195,0
DA:196,0
DA:197,0
DA:198,0
DA:200,0
DA:201,94
DA:202,94
DA:203,47
DA:205,0
DA:206,0
DA:207,0
DA:208,0
DA:211,47
LF:134
LH:90
end_of_record
TN:
SF:/Users/tjs/repo/hgvs-rs/hgvs-weaver/src/altseq_to_hgvsp.rs
FN:12,AltSeqToHgvsp<'a>::build_hgvsp
FN:307,AltSeqToHgvsp<'a>::create_variant
FNF:2
FNDA:30,AltSeqToHgvsp<'a>::build_hgvsp
FNDA:16,AltSeqToHgvsp<'a>::create_variant
DA:12,30
DA:13,60
DA:14,120
DA:15,120
DA:17,30
DA:18,8
DA:19,4
DA:20,5
DA:21,2
DA:22,2
DA:24,1
DA:26,16
DA:30,84
DA:31,238
DA:32,10
DA:35,28
DA:36,30
DA:37,30
DA:40,10
DA:41,124
DA:42,52
DA:43,2
DA:44,2
DA:48,10
DA:49,17
DA:50,2
DA:52,3
DA:55,10
DA:56,5
DA:57,5
DA:58,5
DA:59,5
DA:60,5
DA:61,5
DA:62,0
DA:63,0
DA:77,69
DA:78,69
DA:81,134893
DA:82,26965
DA:83,26965
DA:86,69
DA:88,46
DA:91,67
DA:92,18
DA:99,8
DA:100,8
DA:102,7
DA:105,1
DA:108,3
DA:109,0
DA:110,3
DA:112,3
DA:114,0
DA:118,14
DA:125,23
DA:128,3
DA:129,3
DA:133,6
DA:134,6
DA:135,10
DA:138,6
DA:139,6
DA:141,6
DA:146,15
DA:151,46
DA:152,12
DA:153,4
DA:154,2
DA:155,2
DA:156,2
DA:157,2
DA:158,2
DA:159,2
DA:160,0
DA:161,0
DA:166,42
DA:168,2
DA:169,2
DA:170,29
DA:171,26
DA:172,26
DA:173,0
DA:174,0
DA:178,6
DA:179,3
DA:181,1
DA:182,3
DA:183,2
DA:184,1
DA:185,2
DA:186,2
DA:187,4
DA:188,2
DA:189,2
DA:191,2
DA:192,2
DA:194,1
DA:195,3
DA:196,2
DA:197,2
DA:198,1
DA:199,1
DA:201,1
DA:202,1
DA:207,240
DA:208,214
DA:211,42
DA:212,4
DA:213,2
DA:214,24
DA:215,2
DA:216,2
DA:217,2
DA:218,4
DA:219,4
DA:221,0
DA:222,2
DA:223,1
DA:224,0
DA:225,0
DA:226,2
DA:227,1
DA:228,2
DA:230,0
DA:232,0
DA:234,1
DA:235,0
DA:236,0
DA:244,39
DA:245,2
DA:246,2
DA:247,6
DA:248,6
DA:249,1
DA:250,3
DA:251,2
DA:252,1
DA:253,1
DA:254,3
DA:255,2
DA:256,1
DA:258,1
DA:259,1
DA:260,1
DA:266,26
DA:267,14
DA:268,7
DA:269,7
DA:270,7
DA:271,7
DA:272,7
DA:273,7
DA:274,0
DA:275,0
DA:279,22
DA:280,33
DA:281,66
DA:282,68
DA:284,33
DA:290,0
DA:291,22
DA:292,11
DA:293,0
DA:294,0
DA:295,22
DA:296,75
DA:297,0
DA:299,11
DA:300,0
DA:301,0
DA:307,16
DA:318,64
DA:321,32
DA:322,0
DA:323,0
DA:324,0
DA:325,0
DA:326,0
DA:327,0
DA:328,0
DA:329,0
DA:334,96
DA:336,32
DA:338,70
DA:340,9
DA:341,11
DA:342,24
DA:343,20
DA:345,21
DA:348,48
DA:351,32
DA:352,48
DA:356,16
DA:357,48
DA:358,32
DA:359,16
DA:360,16
DA:361,16
DA:362,16
DA:363,16
LF:201
LH:170
end_of_record
TN:
SF:/Users/tjs/repo/hgvs-rs/hgvs-weaver/src/cigar.rs
FN:16,Cigar::ref_len
FN:23,Cigar::tgt_len
FN:34,<impl FromStr for Cigar>::from_str
FN:57,<impl Display for Cigar>::fmt
FN:76,CigarMapper::new
FN:105,CigarMapper::ref_len
FN:109,CigarMapper::tgt_len
FN:113,CigarMapper::map_ref_to_tgt
FN:117,CigarMapper::map_tgt_to_ref
FN:121,CigarMapper::map_internal
FNF:10
FNDA:0,Cigar::ref_len
FNDA:0,Cigar::tgt_len
FNDA:3,<impl FromStr for Cigar>::from_str
FNDA:1,<impl Display for Cigar>::fmt
FNDA:2,CigarMapper::new
FNDA:1,CigarMapper::ref_len
FNDA:1,CigarMapper::tgt_len
FNDA:14,CigarMapper::map_ref_to_tgt
FNDA:5,CigarMapper::map_tgt_to_ref
FNDA:19,CigarMapper::map_internal
DA:16,0
DA:17,0
DA:18,0
DA:19,0
DA:23,0
DA:24,0
DA:25,0
DA:26,0
DA:34,3
DA:35,6
DA:36,6
DA:37,48
DA:38,93
DA:39,18
DA:41,99
DA:42,24
DA:44,18
DA:45,0
DA:48,66
DA:49,99
DA:52,3
DA:57,1
DA:58,12
DA:59,11
DA:60,6
DA:62,22
DA:64,1
DA:76,2
DA:77,6
DA:78,6
DA:79,6
DA:81,4
DA:82,4
DA:84,24
DA:85,66
DA:86,66
DA:88,86
DA:89,20
DA:91,82
DA:92,16
DA:95,6
DA:96,6
DA:98,2
DA:99,4
DA:100,2
DA:101,2
DA:105,1
DA:106,1
DA:109,1
DA:110,1
DA:113,14
DA:114,98
DA:117,5
DA:118,35
DA:121,19
DA:129,57
DA:130,52
DA:131,2
DA:134,34
DA:135,108
DA:136,91
DA:137,16
DA:138,16
DA:140,75
DA:143,34
DA:144,34
DA:145,17
DA:147,33
DA:148,11
DA:151,8
DA:152,6
DA:153,2
DA:155,4
DA:158,4
DA:159,2
DA:160,2
DA:161,2
DA:163,2
DA:164,2
DA:165,2
DA:168,0
LF:81
LH:71
end_of_record
TN:
SF:/Users/tjs/repo/hgvs-rs/hgvs-weaver/src/coords.rs
FN:22,<impl Add for GenomicPos>::add
FN:30,<impl Sub for GenomicPos>::sub
FN:35,GenomicPos::to_hgvs
FN:46,<impl Add for TranscriptPos>::add
FN:54,<impl Sub for TranscriptPos>::sub
FN:59,TranscriptPos::to_hgvs
FN:70,<impl Add for ProteinPos>::add
FN:78,<impl Sub for ProteinPos>::sub
FN:83,ProteinPos::to_hgvs
FN:89,<impl From for HgvsProteinPos>::from
FN:100,<impl Add for IntronicOffset>::add
FN:108,<impl Sub for IntronicOffset>::sub
FN:118,HgvsGenomicPos::to_index
FN:124,<impl From for GenomicPos>::from
FN:135,HgvsTranscriptPos::to_index
FN:141,<impl From for TranscriptPos>::from
FN:151,HgvsProteinPos::to_index
FN:157,<impl From for ProteinPos>::from
FN:177,<impl Variant for SequenceVariant>::ac
FN:187,<impl Variant for SequenceVariant>::gene
FN:197,<impl Variant for SequenceVariant>::coordinate_type
FN:207,<impl Variant for SequenceVariant>::to_spdi
FN:220,<impl From for HgvsTranscriptPos>::from
FN:226,<impl From for HgvsGenomicPos>::from
FNF:24
FNDA:3,<impl Add for GenomicPos>::add
FNDA:3,<impl Sub for GenomicPos>::sub
FNDA:7,GenomicPos::to_hgvs
FNDA:3,<impl Add for TranscriptPos>::add
FNDA:3,<impl Sub for TranscriptPos>::sub
FNDA:10,TranscriptPos::to_hgvs
FNDA:3,<impl Add for ProteinPos>::add
FNDA:3,<impl Sub for ProteinPos>::sub
FNDA:42,ProteinPos::to_hgvs
FNDA:43,<impl From for HgvsProteinPos>::from
FNDA:3,<impl Add for IntronicOffset>::add
FNDA:3,<impl Sub for IntronicOffset>::sub
FNDA:8,HgvsGenomicPos::to_index
FNDA:9,<impl From for GenomicPos>::from
FNDA:101,HgvsTranscriptPos::to_index
FNDA:2,<impl From for TranscriptPos>::from
FNDA:3,HgvsProteinPos::to_index
FNDA:4,<impl From for ProteinPos>::from
FNDA:0,<impl Variant for SequenceVariant>::ac
FNDA:0,<impl Variant for SequenceVariant>::gene
FNDA:0,<impl Variant for SequenceVariant>::coordinate_type
FNDA:0,<impl Variant for SequenceVariant>::to_spdi
FNDA:12,<impl From for HgvsTranscriptPos>::from
FNDA:8,<impl From for HgvsGenomicPos>::from
DA:22,3
DA:26,3
DA:30,3
DA:35,7
DA:36,14
DA:46,3
DA:50,3
DA:54,3
DA:59,10
DA:60,20
DA:70,3
DA:74,3
DA:78,3
DA:83,42
DA:84,84
DA:89,43
DA:90,43
DA:100,3
DA:104,3
DA:108,3
DA:118,8
DA:119,16
DA:124,9
DA:125,9
DA:135,101
DA:136,202
DA:141,2
DA:142,4
DA:151,3
DA:152,6
DA:157,4
DA:158,4
DA:177,0
DA:178,0
DA:179,0
DA:180,0
DA:181,0
DA:182,0
DA:183,0
DA:184,0
DA:187,0
DA:188,0
DA:189,0
DA:190,0
DA:191,0
DA:192,0
DA:193,0
DA:194,0
DA:197,0
DA:198,0
DA:199,0
DA:200,0
DA:201,0
DA:202,0
DA:203,0
DA:204,0
DA:207,0
DA:208,0
DA:209,0
DA:210,0
DA:211,0
DA:212,0
DA:213,0
DA:214,0
DA:220,12
DA:221,24
DA:226,8
DA:227,8
LF:68
LH:36
end_of_record
TN:
SF:/Users/tjs/repo/hgvs-rs/hgvs-weaver/src/data.rs
FN:27,<impl Exon for ExonData>::transcript_start
FN:28,<impl Exon for ExonData>::transcript_end
FN:29,<impl Exon for ExonData>::reference_start
FN:30,<impl Exon for ExonData>::reference_end
FN:31,<impl Exon for ExonData>::alt_strand
FN:32,<impl Exon for ExonData>::cigar
FN:58,<impl Transcript for TranscriptData>::ac
FN:59,<impl Transcript for TranscriptData>::gene
FN:60,<impl Transcript for TranscriptData>::cds_start_index
FN:61,<impl Transcript for TranscriptData>::cds_end_index
FN:62,<impl Transcript for TranscriptData>::strand
FN:63,<impl Transcript for TranscriptData>::reference_accession
FN:64,<impl Transcript for TranscriptData>::exons
FN:88,IdentifierKind::into_identifier_type
FNF:14
FNDA:0,<impl Exon for ExonData>::transcript_start
FNDA:0,<impl Exon for ExonData>::transcript_end
FNDA:0,<impl Exon for ExonData>::reference_start
FNDA:0,<impl Exon for ExonData>::reference_end
FNDA:0,<impl Exon for ExonData>::alt_strand
FNDA:0,<impl Exon for ExonData>::cigar
FNDA:0,<impl Transcript for TranscriptData>::ac
FNDA:0,<impl Transcript for TranscriptData>::gene
FNDA:210,<impl Transcript for TranscriptData>::cds_start_index
FNDA:198,<impl Transcript for TranscriptData>::cds_end_index
FNDA:15,<impl Transcript for TranscriptData>::strand
FNDA:0,<impl Transcript for TranscriptData>::reference_accession
FNDA:15,<impl Transcript for TranscriptData>::exons
FNDA:35,IdentifierKind::into_identifier_type
DA:27,0
DA:28,0
DA:29,0
DA:30,0
DA:31,0
DA:32,0
DA:58,0
DA:59,0
DA:60,210
DA:61,198
DA:62,15
DA:63,0
DA:64,15
DA:88,35
DA:89,35
DA:90,2
DA:91,33
DA:92,0
LF:18
LH:8
end_of_record
TN:
SF:/Users/tjs/repo/hgvs-rs/hgvs-weaver/src/edits.rs
FN:61,NaEdit::del_ins_lengths
FN:96,NaEdit::reverse_complement
FN:136,NaEdit::map_sequence
FNF:3
FNDA:0,NaEdit::del_ins_lengths
FNDA:0,NaEdit::reverse_complement
FNDA:2,NaEdit::map_sequence
DA:61,0
DA:62,0
DA:63,0
DA:64,0
DA:65,0
DA:66,0
DA:67,0
DA:68,0
DA:69,0
DA:70,0
DA:71,0
DA:73,0
DA:75,0
DA:76,0
DA:77,0
DA:78,0
DA:79,0
DA:80,0
DA:82,0
DA:83,0
DA:84,0
DA:85,0
DA:87,0
DA:89,0
DA:90,0
DA:91,0
DA:96,0
DA:97,0
DA:98,0
DA:99,0
DA:100,0
DA:102,0
DA:103,0
DA:105,0
DA:107,0
DA:108,0
DA:109,0
DA:111,0
DA:113,0
DA:114,0
DA:115,0
DA:117,0
DA:119,0
DA:120,0
DA:121,0
DA:123,0
DA:124,0
DA:125,0
DA:127,0
DA:128,0
DA:129,0
DA:131,0
DA:136,2
DA:139,2
DA:140,6
DA:142,8
DA:143,8
DA:147,0
DA:149,0
DA:153,0
DA:155,0
DA:159,0
DA:161,0
DA:165,0
DA:167,0
DA:171,0
DA:173,0
DA:177,0
LF:68
LH:5
end_of_record
TN:
SF:/Users/tjs/repo/hgvs-rs/hgvs-weaver/src/equivalence.rs
FN:17,VariantEquivalence<'a>::new
FN:25,VariantEquivalence<'a>::equivalent
FN:41,VariantEquivalence<'a>::fill_implicit_sequence
FN:104,VariantEquivalence<'a>::fill_na_edit
FN:119,VariantEquivalence<'a>::expand_if_gene_symbol
FN:171,VariantEquivalence<'a>::are_equivalent_single
FN:208,VariantEquivalence<'a>::normalize_format
FN:224,VariantEquivalence<'a>::n_vs_n_equivalent
FN:242,VariantEquivalence<'a>::normalize_ins_to_dup
FN:360,VariantEquivalence<'a>::try_normalize_to_dup
FN:374,VariantEquivalence<'a>::n_vs_n_equivalent_c
FN:382,VariantEquivalence<'a>::n_vs_n_equivalent_n
FN:390,VariantEquivalence<'a>::g_vs_c_equivalent
FN:395,VariantEquivalence<'a>::g_vs_n_equivalent
FN:400,VariantEquivalence<'a>::c_vs_n_equivalent
FN:408,VariantEquivalence<'a>::n_vs_p_equivalent
FN:415,VariantEquivalence<'a>::g_vs_p_equivalent
FN:425,VariantEquivalence<'a>::c_vs_p_equivalent
FN:430,VariantEquivalence<'a>::p_vs_p_equivalent
FNF:19
FNDA:1,VariantEquivalence<'a>::new
FNDA:0,VariantEquivalence<'a>::equivalent
FNDA:0,VariantEquivalence<'a>::fill_implicit_sequence
FNDA:0,VariantEquivalence<'a>::fill_na_edit
FNDA:0,VariantEquivalence<'a>::expand_if_gene_symbol
FNDA:0,VariantEquivalence<'a>::are_equivalent_single
FNDA:0,VariantEquivalence<'a>::normalize_format
FNDA:0,VariantEquivalence<'a>::n_vs_n_equivalent
FNDA:4,VariantEquivalence<'a>::normalize_ins_to_dup
FNDA:4,VariantEquivalence<'a>::try_normalize_to_dup
FNDA:0,VariantEquivalence<'a>::n_vs_n_equivalent_c
FNDA:0,VariantEquivalence<'a>::n_vs_n_equivalent_n
FNDA:0,VariantEquivalence<'a>::g_vs_c_equivalent
FNDA:0,VariantEquivalence<'a>::g_vs_n_equivalent
FNDA:0,VariantEquivalence<'a>::c_vs_n_equivalent
FNDA:0,VariantEquivalence<'a>::n_vs_p_equivalent
FNDA:0,VariantEquivalence<'a>::g_vs_p_equivalent
FNDA:0,VariantEquivalence<'a>::c_vs_p_equivalent
FNDA:0,VariantEquivalence<'a>::p_vs_p_equivalent
DA:17,1
DA:21,1
DA:25,0
DA:27,0
DA:28,0
DA:30,0
DA:31,0
DA:32,0
DA:33,0
DA:37,0
DA:41,0
DA:42,0
DA:43,0
DA:44,0
DA:45,0
DA:46,0
DA:48,0
DA:49,0
DA:50,0
DA:52,0
DA:55,0
DA:56,0
DA:57,0
DA:58,0
DA:59,0
DA:60,0
DA:61,0
DA:63,0
DA:66,0
DA:67,0
DA:68,0
DA:69,0
DA:70,0
DA:71,0
DA:72,0
DA:74,0
DA:77,0
DA:78,0
DA:79,0
DA:80,0
DA:81,0
DA:82,0
DA:83,0
DA:85,0
DA:88,0
DA:89,0
DA:90,0
DA:91,0
DA:93,0
DA:94,0
DA:95,0
DA:97,0
DA:100,0
DA:104,0
DA:105,0
DA:106,0
DA:107,0
DA:108,0
DA:110,0
DA:111,0
DA:112,0
DA:114,0
DA:119,0
DA:120,0
DA:123,0
DA:125,0
DA:126,0
DA:127,0
DA:128,0
DA:129,0
DA:133,0
DA:135,0
DA:136,0
DA:137,0
DA:139,0
DA:140,0
DA:141,0
DA:142,0
DA:144,0
DA:145,0
DA:148,0
DA:149,0
DA:150,0
DA:151,0
DA:152,0
DA:153,0
DA:154,0
DA:155,0
DA:156,0
DA:158,0
DA:161,0
DA:162,0
DA:168,0
DA:171,0
DA:172,0
DA:174,0
DA:175,0
DA:176,0
DA:178,0
DA:179,0
DA:181,0
DA:182,0
DA:184,0
DA:185,0
DA:188,0
DA:189,0
DA:190,0
DA:191,0
DA:192,0
DA:193,0
DA:196,0
DA:199,0
DA:200,0
DA:201,0
DA:203,0
DA:208,0
DA:209,0
DA:211,0
DA:212,0
DA:213,0
DA:214,0
DA:215,0
DA:216,0
DA:218,0
DA:219,0
DA:221,0
DA:224,0
DA:225,0
DA:226,0
DA:229,0
DA:230,0
DA:233,0
DA:234,0
DA:236,0
DA:237,0
DA:239,0
DA:242,4
DA:243,4
DA:244,2
DA:245,4
DA:246,6
DA:247,6
DA:248,20
DA:249,6
DA:250,0
DA:251,2
DA:252,4
DA:253,2
DA:254,2
DA:256,2
DA:257,1
DA:258,2
DA:259,1
DA:260,1
DA:263,1
DA:265,0
DA:267,4
DA:268,2
DA:272,0
DA:274,1
DA:275,2
DA:276,3
DA:277,7
DA:278,0
DA:280,5
DA:281,5
DA:282,2
DA:284,10
DA:285,3
DA:286,3
DA:287,5
DA:288,0
DA:289,1
DA:290,3
DA:291,1
DA:292,1
DA:293,1
DA:295,1
DA:296,0
DA:297,0
DA:298,0
DA:299,0
DA:300,0
DA:301,0
DA:304,1
DA:306,0
DA:308,2
DA:309,1
DA:313,0
DA:315,1
DA:316,2
DA:317,3
DA:318,7
DA:319,0
DA:321,5
DA:322,5
DA:323,2
DA:325,10
DA:326,3
DA:327,3
DA:328,5
DA:329,0
DA:330,1
DA:331,3
DA:332,1
DA:333,1
DA:334,1
DA:336,1
DA:337,0
DA:338,0
DA:339,0
DA:340,0
DA:341,0
DA:342,0
DA:345,1
DA:347,0
DA:349,2
DA:350,1
DA:354,0
DA:356,0
DA:360,4
DA:361,8
DA:362,8
DA:363,4
DA:364,0
DA:366,32
DA:367,4
DA:368,12
DA:370,0
DA:374,0
DA:375,0
DA:376,0
DA:377,0
DA:378,0
DA:379,0
DA:382,0
DA:383,0
DA:384,0
DA:385,0
DA:386,0
DA:387,0
DA:390,0
DA:391,0
DA:392,0
DA:395,0
DA:396,0
DA:397,0
DA:400,0
DA:401,0
DA:402,0
DA:403,0
DA:404,0
DA:405,0
DA:408,0
DA:409,0
DA:410,0
DA:411,0
DA:412,0
DA:415,0
DA:416,0
DA:417,0
DA:418,0
DA:419,0
DA:422,0
DA:425,0
DA:426,0
DA:427,0
DA:430,0
DA:431,0
DA:432,0
DA:434,0
LF:271
LH:69
end_of_record
TN:
SF:/Users/tjs/repo/hgvs-rs/hgvs-weaver/src/fmt.rs
FN:6,<impl Display for SequenceVariant>::fmt
FN:19,<impl Display for GVariant>::fmt
FN:25,<impl Display for CVariant>::fmt
FN:31,AaEdit::format_simple
FN:43,PosEdit<I,E>::format_simple
FN:61,<impl SimpleFormatter for AaEdit>::fmt_simple
FN:67,<impl SimpleFormatter for NaEdit>::fmt_simple
FN:73,<impl Display for PVariant>::fmt
FN:80,<impl Display for MVariant>::fmt
FN:86,<impl Display for NVariant>::fmt
FN:92,<impl Display for RVariant>::fmt
FN:98,<impl Display for PosEdit<I,E>>::fmt
FN:111,<impl Display for SimpleInterval>::fmt
FN:123,<impl Display for SimplePosition>::fmt
FN:135,<impl Display for BaseOffsetInterval>::fmt
FN:147,<impl Display for BaseOffsetPosition>::fmt
FN:161,<impl Display for AaInterval>::fmt
FN:173,<impl Display for AAPosition>::fmt
FN:182,<impl Display for NaEdit>::fmt
FN:235,<impl Display for AaEdit>::fmt
FN:290,aa1_to_aa3
FNF:21
FNDA:69,<impl Display for SequenceVariant>::fmt
FNDA:29,<impl Display for GVariant>::fmt
FNDA:23,<impl Display for CVariant>::fmt
FNDA:44,AaEdit::format_simple
FNDA:44,PosEdit<I,E>::format_simple
FNDA:44,<impl SimpleFormatter for AaEdit>::fmt_simple
FNDA:0,<impl SimpleFormatter for NaEdit>::fmt_simple
FNDA:44,<impl Display for PVariant>::fmt
FNDA:1,<impl Display for MVariant>::fmt
FNDA:3,<impl Display for NVariant>::fmt
FNDA:7,<impl Display for RVariant>::fmt
FNDA:63,<impl Display for PosEdit<I,E>>::fmt
FNDA:30,<impl Display for SimpleInterval>::fmt
FNDA:44,<impl Display for SimplePosition>::fmt
FNDA:33,<impl Display for BaseOffsetInterval>::fmt
FNDA:47,<impl Display for BaseOffsetPosition>::fmt
FNDA:44,<impl Display for AaInterval>::fmt
FNDA:56,<impl Display for AAPosition>::fmt
FNDA:63,<impl Display for NaEdit>::fmt
FNDA:25,<impl Display for AaEdit>::fmt
FNDA:101,aa1_to_aa3
DA:6,69
DA:7,69
DA:8,81
DA:9,57
DA:10,39
DA:11,3
DA:12,6
DA:13,21
DA:19,29
DA:20,174
DA:25,23
DA:26,140
DA:31,44
DA:32,44
DA:33,18
DA:34,3
DA:35,6
DA:36,18
DA:37,50
DA:43,44
DA:45,120
DA:46,88
DA:47,88
DA:49,132
DA:50,88
DA:51,120
DA:52,44
DA:61,44
DA:62,132
DA:67,0
DA:68,0
DA:73,44
DA:74,264
DA:75,132
DA:80,1
DA:81,6
DA:86,3
DA:87,18
DA:92,7
DA:93,42
DA:98,63
DA:99,126
DA:100,126
DA:101,126
DA:103,126
DA:104,126
DA:105,126
DA:106,63
DA:111,30
DA:112,60
DA:113,60
DA:114,44
DA:115,28
DA:117,60
DA:118,30
DA:123,44
DA:124,95
DA:125,88
DA:126,49
DA:127,10
DA:129,95
DA:130,44
DA:135,33
DA:136,66
DA:137,66
DA:138,47
DA:139,28
DA:141,66
DA:142,33
DA:147,47
DA:148,94
DA:149,97
DA:150,94
DA:151,50
DA:152,8
DA:153,6
DA:155,94
DA:156,47
DA:161,44
DA:162,88
DA:163,88
DA:164,56
DA:165,24
DA:167,88
DA:168,44
DA:173,56
DA:174,112
DA:175,112
DA:176,112
DA:177,56
DA:182,63
DA:183,63
DA:184,90
DA:185,60
DA:186,56
DA:187,28
DA:188,91
DA:189,14
DA:191,0
DA:192,0
DA:193,4
DA:195,60
DA:196,30
DA:198,14
DA:199,14
DA:200,18
DA:201,14
DA:202,7
DA:204,6
DA:205,6
DA:206,12
DA:207,6
DA:208,3
DA:210,40
DA:211,40
DA:212,58
DA:213,40
DA:214,20
DA:216,4
DA:217,4
DA:218,4
DA:219,4
DA:220,2
DA:222,0
DA:223,0
DA:224,0
DA:225,0
DA:226,0
DA:228,2
DA:229,0
DA:235,25
DA:236,25
DA:237,16
DA:238,48
DA:239,32
DA:241,0
DA:242,0
DA:243,0
DA:244,0
DA:246,0
DA:247,0
DA:249,0
DA:250,0
DA:251,0
DA:253,0
DA:254,4
DA:255,0
DA:256,0
DA:257,0
DA:258,0
DA:259,0
DA:260,0
DA:261,0
DA:262,0
DA:263,0
DA:265,0
DA:268,18
DA:269,18
DA:270,12
DA:271,2
DA:273,30
DA:275,22
DA:276,6
DA:278,2
DA:279,3
DA:280,2
DA:281,4
DA:282,1
DA:284,0
DA:285,0
DA:290,101
DA:291,101
DA:292,32
DA:293,36
DA:294,25
DA:295,6
DA:296,2
LF:177
LH:145
end_of_record
TN:
SF:/Users/tjs/repo/hgvs-rs/hgvs-weaver/src/lib.rs
FN:9,parse_hgvs_variant
FN:69,parse_gene_expr
FNF:2
FNDA:147,parse_hgvs_variant
FNDA:143,parse_gene_expr
DA:9,147
DA:10,584
DA:11,159
DA:13,572
DA:14,572
DA:16,143
DA:18,120
DA:19,240
DA:20,160
DA:21,120
DA:22,200
DA:23,80
DA:26,222
DA:27,444
DA:28,296
DA:29,222
DA:30,370
DA:31,148
DA:34,48
DA:35,96
DA:36,64
DA:37,48
DA:38,80
DA:39,32
DA:42,6
DA:43,12
DA:44,8
DA:45,6
DA:46,10
DA:47,4
DA:50,9
DA:51,18
DA:52,12
DA:53,9
DA:54,15
DA:55,6
DA:58,24
DA:59,48
DA:60,32
DA:61,24
DA:62,40
DA:63,16
DA:65,0
DA:69,143
DA:70,429
DA:71,429
DA:72,15
LF:47
LH:46
end_of_record
TN:
SF:/Users/tjs/repo/hgvs-rs/hgvs-weaver/src/mapper.rs
FN:17,VariantMapper<'a>::new
FN:22,VariantMapper<'a>::g_to_c
FN:91,VariantMapper<'a>::c_to_g
FN:153,VariantMapper<'a>::n_to_g
FN:215,VariantMapper<'a>::g_to_c_all
FN:233,VariantMapper<'a>::c_to_p
FN:292,VariantMapper<'a>::normalize_variant
FN:383,VariantMapper<'a>::get_c_indices
FN:394,VariantMapper<'a>::get_n_indices
FN:409,VariantMapper<'a>::shift_3_prime
FNF:10
FNDA:35,VariantMapper<'a>::new
FNDA:3,VariantMapper<'a>::g_to_c
FNDA:2,VariantMapper<'a>::c_to_g
FNDA:0,VariantMapper<'a>::n_to_g
FNDA:0,VariantMapper<'a>::g_to_c_all
FNDA:30,VariantMapper<'a>::c_to_p
FNDA:1,VariantMapper<'a>::normalize_variant
FNDA:2,VariantMapper<'a>::get_c_indices
FNDA:1,VariantMapper<'a>::get_n_indices
FNDA:1,VariantMapper<'a>::shift_3_prime
DA:17,35
DA:22,3
DA:23,15
DA:24,9
DA:26,12
DA:27,9
DA:28,15
DA:29,18
DA:32,6
DA:33,6
DA:38,3
DA:39,0
DA:40,0
DA:41,0
DA:43,0
DA:44,0
DA:48,0
DA:49,0
DA:50,0
DA:51,0
DA:52,0
DA:53,0
DA:57,0
DA:58,0
DA:59,0
DA:60,0
DA:61,0
DA:62,0
DA:63,0
DA:64,0
DA:69,9
DA:70,3
DA:71,5
DA:72,4
DA:73,4
DA:74,4
DA:78,3
DA:79,9
DA:80,9
DA:81,3
DA:82,6
DA:83,6
DA:84,3
DA:85,3
DA:91,2
DA:92,10
DA:93,6
DA:95,8
DA:96,12
DA:97,14
DA:99,2
DA:100,0
DA:101,0
DA:102,0
DA:103,0
DA:105,0
DA:106,0
DA:109,0
DA:110,0
DA:111,0
DA:112,0
DA:113,0
DA:114,0
DA:118,0
DA:119,0
DA:120,0
DA:121,0
DA:122,0
DA:123,0
DA:124,0
DA:125,0
DA:130,6
DA:131,6
DA:132,2
DA:133,5
DA:134,4
DA:135,4
DA:136,4
DA:140,2
DA:141,6
DA:142,6
DA:143,2
DA:144,4
DA:145,4
DA:146,2
DA:147,2
DA:153,0
DA:154,0
DA:155,0
DA:157,0
DA:158,0
DA:159,0
DA:161,0
DA:162,0
DA:163,0
DA:164,0
DA:165,0
DA:167,0
DA:168,0
DA:171,0
DA:172,0
DA:173,0
DA:174,0
DA:175,0
DA:176,0
DA:180,0
DA:181,0
DA:182,0
DA:183,0
DA:184,0
DA:185,0
DA:186,0
DA:187,0
DA:192,0
DA:193,0
DA:194,0
DA:195,0
DA:196,0
DA:197,0
DA:198,0
DA:202,0
DA:203,0
DA:204,0
DA:205,0
DA:206,0
DA:207,0
DA:208,0
DA:209,0
DA:215,0
DA:216,0
DA:217,0
DA:218,0
DA:220,0
DA:221,0
DA:223,0
DA:224,0
DA:225,0
DA:229,0
DA:233,30
DA:234,60
DA:235,86
DA:236,52
DA:238,20
DA:239,4
DA:240,4
DA:241,4
DA:244,150
DA:245,180
DA:247,120
DA:248,120
DA:250,60
DA:252,60
DA:253,0
DA:256,60
DA:257,0
DA:262,30
DA:270,90
DA:275,60
DA:276,120
DA:277,90
DA:280,90
DA:284,30
DA:286,90
DA:287,30
DA:288,30
DA:292,1
DA:293,1
DA:294,1
DA:295,5
DA:296,2
DA:297,6
DA:298,3
DA:299,3
DA:301,9
DA:303,1
DA:304,0
DA:305,0
DA:306,0
DA:307,0
DA:312,1
DA:313,0
DA:314,0
DA:315,0
DA:317,1
DA:320,1
DA:322,0
DA:323,0
DA:324,0
DA:325,0
DA:326,0
DA:327,0
DA:328,0
DA:331,0
DA:332,0
DA:333,0
DA:334,0
DA:335,0
DA:336,0
DA:341,0
DA:342,0
DA:343,0
DA:344,0
DA:346,0
DA:349,0
DA:351,0
DA:352,0
DA:353,0
DA:354,0
DA:355,0
DA:356,0
DA:358,0
DA:360,0
DA:361,0
DA:362,0
DA:363,0
DA:364,0
DA:369,0
DA:370,0
DA:371,0
DA:372,0
DA:374,0
DA:377,0
DA:379,0
DA:383,2
DA:384,6
DA:385,12
DA:386,6
DA:387,10
DA:389,0
DA:391,2
DA:394,1
DA:399,3
DA:400,6
DA:401,3
DA:402,5
DA:404,0
DA:406,1
DA:409,1
DA:410,2
DA:411,9
DA:412,0
DA:413,0
DA:414,0
DA:415,0
DA:416,0
DA:417,0
DA:418,0
DA:421,2
DA:423,2
DA:424,2
DA:425,2
DA:427,2
DA:428,8
DA:429,3
DA:431,3
DA:433,2
DA:435,0
DA:436,0
DA:437,0
DA:439,0
DA:440,0
DA:441,0
DA:442,0
DA:443,0
DA:444,0
DA:445,0
DA:446,0
DA:449,0
DA:450,0
DA:451,0
DA:452,0
DA:453,0
DA:454,0
DA:456,0
DA:459,3
DA:461,0
DA:462,0
DA:463,0
DA:464,0
DA:465,0
DA:466,0
DA:467,0
DA:468,0
DA:469,0
DA:470,0
DA:471,0
DA:472,0
DA:475,0
DA:476,0
DA:477,0
DA:478,0
DA:480,0
DA:484,1
LF:293
LH:111
end_of_record
TN:
SF:/Users/tjs/repo/hgvs-rs/hgvs-weaver/src/parser.rs
FN:6,parse_g_posedit
FN:13,parse_c_posedit
FN:20,parse_p_posedit
FN:48,parse_simple_interval
FN:93,parse_simple_pos
FN:100,parse_n_posedit
FN:107,parse_base_offset_interval_n
FN:123,parse_base_offset_interval
FN:139,parse_base_offset_pos
FN:143,parse_base_offset_pos_with_default
FN:175,parse_aa_interval
FN:191,parse_aa_pos
FN:210,parse_na_edit
FN:288,parse_pro_edit
FNF:14
FNDA:42,parse_g_posedit
FNDA:74,parse_c_posedit
FNDA:16,parse_p_posedit
FNDA:42,parse_simple_interval
FNDA:66,parse_simple_pos
FNDA:11,parse_n_posedit
FNDA:11,parse_base_offset_interval_n
FNDA:74,parse_base_offset_interval
FNDA:111,parse_base_offset_pos
FNDA:128,parse_base_offset_pos_with_default
FNDA:16,parse_aa_interval
FNDA:19,parse_aa_pos
FNDA:127,parse_na_edit
FNDA:16,parse_pro_edit
DA:6,42
DA:7,126
DA:8,210
DA:9,210
DA:10,42
DA:13,74
DA:14,222
DA:15,370
DA:16,370
DA:17,74
DA:20,16
DA:21,32
DA:22,48
DA:23,35
DA:24,1
DA:27,48
DA:28,64
DA:29,16
DA:30,0
DA:31,0
DA:32,0
DA:35,32
DA:36,32
DA:38,16
DA:39,48
DA:40,80
DA:41,0
DA:42,0
DA:45,32
DA:48,42
DA:49,126
DA:50,84
DA:51,96
DA:52,0
DA:55,126
DA:56,168
DA:57,42
DA:59,114
DA:60,190
DA:61,190
DA:62,76
DA:65,8
DA:66,8
DA:67,15
DA:68,7
DA:69,21
DA:70,35
DA:71,35
DA:74,7
DA:75,14
DA:79,18
DA:80,3
DA:84,8
DA:85,4
DA:89,0
DA:93,66
DA:94,198
DA:95,132
DA:96,264
DA:97,66
DA:100,11
DA:101,33
DA:102,55
DA:103,55
DA:104,11
DA:107,11
DA:108,22
DA:109,33
DA:110,22
DA:111,0
DA:114,33
DA:115,44
DA:116,33
DA:118,66
DA:119,73
DA:120,22
DA:123,74
DA:124,148
DA:125,222
DA:126,148
DA:127,0
DA:130,222
DA:131,296
DA:132,222
DA:134,370
DA:135,370
DA:136,148
DA:139,111
DA:140,333
DA:143,128
DA:144,256
DA:145,259
DA:146,3
DA:149,256
DA:150,384
DA:152,512
DA:153,256
DA:154,128
DA:155,256
DA:158,384
DA:159,138
DA:160,20
DA:163,0
DA:167,128
DA:168,256
DA:169,128
DA:170,128
DA:171,128
DA:175,16
DA:176,48
DA:177,32
DA:178,32
DA:179,0
DA:182,48
DA:183,64
DA:184,48
DA:186,80
DA:187,80
DA:188,32
DA:191,19
DA:192,38
DA:193,38
DA:195,75
DA:196,37
DA:197,18
DA:198,36
DA:200,19
DA:201,38
DA:203,0
DA:207,19
DA:210,127
DA:211,381
DA:212,508
DA:213,127
DA:215,135
DA:216,270
DA:217,270
DA:218,45
DA:221,88
DA:222,20
DA:225,66
DA:226,11
DA:229,51
DA:230,119
DA:231,68
DA:232,34
DA:233,17
DA:235,0
DA:239,124
DA:240,26
DA:243,8
DA:244,2
DA:247,9
DA:248,6
DA:249,3
DA:250,0
DA:251,0
DA:254,9
DA:257,9
DA:258,6
DA:259,6
DA:260,6
DA:262,9
DA:263,6
DA:264,6
DA:266,9
DA:267,0
DA:269,0
DA:272,12
DA:273,6
DA:277,0
DA:280,0
DA:281,0
DA:282,0
DA:284,0
DA:288,16
DA:289,64
DA:290,16
DA:291,0
DA:292,18
DA:293,2
DA:294,0
DA:295,2
DA:296,16
DA:298,4
DA:299,4
DA:300,4
DA:301,7
DA:302,3
DA:303,2
DA:305,6
DA:306,3
DA:307,3
DA:308,6
DA:309,6
DA:312,0
DA:315,8
DA:318,2
DA:319,2
DA:320,2
DA:321,2
DA:322,4
DA:323,2
DA:324,2
DA:326,3
DA:327,2
DA:328,3
DA:329,6
DA:330,6
DA:333,0
DA:336,3
DA:339,3
DA:340,2
DA:341,2
DA:342,2
DA:344,3
DA:345,2
DA:346,2
DA:348,3
DA:349,0
DA:351,0
DA:354,4
DA:355,2
DA:357,0
LF:224
LH:195
end_of_record
TN:
SF:/Users/tjs/repo/hgvs-rs/hgvs-weaver/src/sequence.rs
FN:13,Sequence::is_empty
FN:18,Sequence::subseq
FN:27,Sequence::slice
FN:32,Sequence::to_string
FN:42,MemSequence::new
FN:46,MemSequence::as_str
FN:52,<impl Sequence for MemSequence>::iter
FN:56,<impl Sequence for MemSequence>::len
FN:71,<impl Sequence for LazySequence<'a>>::iter
FN:76,<impl Sequence for LazySequence<'a>>::len
FN:87,<impl Sequence for RevCompSequence<'a>>::iter
FN:96,<impl Sequence for RevCompSequence<'a>>::len
FN:107,<impl Sequence for TranscribedSequence<'a>>::iter
FN:114,<impl Sequence for TranscribedSequence<'a>>::len
FN:125,<impl Sequence for SplicedSequence<'a>>::iter
FN:129,<impl Sequence for SplicedSequence<'a>>::len
FN:140,<impl Sequence for TranslatedSequence<'a>>::iter
FN:144,<impl Sequence for TranslatedSequence<'a>>::len
FN:155,TranslateIterator<'a>::new
FN:163,<impl Iterator for TranslateIterator<'a>>::next
FN:262,<impl Sequence for SliceSequence<'a>>::iter
FN:266,<impl Sequence for SliceSequence<'a>>::len
FNF:22
FNDA:0,Sequence::is_empty
FNDA:0,Sequence::subseq
FNDA:1,Sequence::slice
FNDA:118,Sequence::to_string
FNDA:7,MemSequence::new
FNDA:0,MemSequence::as_str
FNDA:142,<impl Sequence for MemSequence>::iter
FNDA:257,<impl Sequence for MemSequence>::len
FNDA:30,<impl Sequence for LazySequence<'a>>::iter
FNDA:0,<impl Sequence for LazySequence<'a>>::len
FNDA:5,<impl Sequence for RevCompSequence<'a>>::iter
FNDA:0,<impl Sequence for RevCompSequence<'a>>::len
FNDA:0,<impl Sequence for TranscribedSequence<'a>>::iter
FNDA:0,<impl Sequence for TranscribedSequence<'a>>::len
FNDA:32,<impl Sequence for SplicedSequence<'a>>::iter
FNDA:1,<impl Sequence for SplicedSequence<'a>>::len
FNDA:62,<impl Sequence for TranslatedSequence<'a>>::iter
FNDA:0,<impl Sequence for TranslatedSequence<'a>>::len
FNDA:62,TranslateIterator<'a>::new
FNDA:80471,<impl Iterator for TranslateIterator<'a>>::next
FNDA:109,<impl Sequence for SliceSequence<'a>>::iter
FNDA:1,<impl Sequence for SliceSequence<'a>>::len
DA:13,0
DA:14,0
DA:18,0
DA:19,0
DA:20,0
DA:22,0
DA:23,0
DA:27,1
DA:32,118
DA:33,354
DA:42,7
DA:43,7
DA:46,0
DA:47,0
DA:52,142
DA:53,284
DA:56,257
DA:57,514
DA:71,30
DA:72,240
DA:73,90
DA:76,0
DA:77,0
DA:87,5
DA:88,43
DA:89,8
DA:90,0
DA:91,0
DA:92,0
DA:96,0
DA:97,0
DA:107,0
DA:108,0
DA:109,0
DA:110,0
DA:114,0
DA:115,0
DA:125,32
DA:126,268
DA:129,1
DA:130,9
DA:140,62
DA:141,186
DA:144,0
DA:145,0
DA:155,62
DA:163,80471
DA:164,160942
DA:166,241272
DA:167,241257
DA:168,241242
DA:170,241227
DA:171,160818
DA:172,30
DA:173,0
DA:174,0
DA:175,4
DA:176,4
DA:177,94
DA:178,0
DA:179,3
DA:180,0
DA:181,0
DA:182,11
DA:183,4
DA:184,7
DA:185,134
DA:186,0
DA:187,47
DA:188,40
DA:189,6
DA:190,3
DA:191,79921
DA:192,5
DA:193,8
DA:194,43
DA:195,0
DA:196,0
DA:197,40
DA:198,5
DA:199,0
DA:202,160818
DA:203,80409
DA:262,109
DA:263,763
DA:266,1
DA:267,1
LF:87
LH:54
end_of_record
TN:
SF:/Users/tjs/repo/hgvs-rs/hgvs-weaver/src/structs.rs
FN:104,PosEdit<I,E>::to_spdi
FN:124,<impl IntervalSpdi for SimpleInterval>::spdi_interval
FN:132,<impl IntervalSpdi for BaseOffsetInterval>::spdi_interval
FN:178,<impl IntervalSpdi for AaInterval>::spdi_interval
FN:188,<impl EditSpdi for NaEdit>::to_spdi
FN:279,<impl EditSpdi for AaEdit>::to_spdi
FN:293,SimpleInterval::length
FN:318,BaseOffsetInterval::length
FN:349,AaInterval::length
FNF:9
FNDA:0,PosEdit<I,E>::to_spdi
FNDA:0,<impl IntervalSpdi for SimpleInterval>::spdi_interval
FNDA:0,<impl IntervalSpdi for BaseOffsetInterval>::spdi_interval
FNDA:0,<impl IntervalSpdi for AaInterval>::spdi_interval
FNDA:0,<impl EditSpdi for NaEdit>::to_spdi
FNDA:0,<impl EditSpdi for AaEdit>::to_spdi
FNDA:0,SimpleInterval::length
FNDA:0,BaseOffsetInterval::length
FNDA:0,AaInterval::length
DA:22,0
DA:23,0
DA:24,0
DA:25,0
DA:26,0
DA:104,0
DA:105,0
DA:106,0
DA:108,0
DA:114,0
DA:124,0
DA:125,0
DA:126,0
DA:127,0
DA:132,0
DA:137,0
DA:138,0
DA:157,0
DA:158,0
DA:161,0
DA:162,0
DA:172,0
DA:178,0
DA:179,0
DA:188,0
DA:189,0
DA:190,0
DA:191,0
DA:192,0
DA:194,0
DA:196,0
DA:200,0
DA:203,0
DA:209,0
DA:211,0
DA:212,0
DA:214,0
DA:215,0
DA:217,0
DA:220,0
DA:222,0
DA:224,0
DA:238,0
DA:239,0
DA:241,0
DA:261,0
DA:262,0
DA:264,0
DA:271,0
DA:273,0
DA:279,0
DA:280,0
DA:293,0
DA:294,0
DA:295,0
DA:296,0
DA:318,0
DA:319,0
DA:320,0
DA:321,0
DA:322,0
DA:324,0
DA:326,0
DA:349,0
DA:350,0
DA:351,0
DA:352,0
LF:67
LH:0
end_of_record
TN:
SF:/Users/tjs/repo/hgvs-rs/hgvs-weaver/src/transcript_mapper.rs
FN:13,TranscriptMapper::new
FN:18,TranscriptMapper::g_to_n
FN:57,TranscriptMapper::n_to_c
FN:72,TranscriptMapper::c_to_n
FN:89,TranscriptMapper::n_to_g
FNF:5
FNDA:10,TranscriptMapper::new
FNDA:3,TranscriptMapper::g_to_n
FNDA:5,TranscriptMapper::n_to_c
FNDA:8,TranscriptMapper::c_to_n
FNDA:2,TranscriptMapper::n_to_g
DA:13,10
DA:14,10
DA:18,3
DA:19,6
DA:20,9
DA:21,9
DA:23,6
DA:24,6
DA:25,3
DA:27,0
DA:29,3
DA:31,0
DA:35,0
DA:36,0
DA:37,0
DA:38,0
DA:39,0
DA:40,0
DA:41,0
DA:42,0
DA:43,0
DA:44,0
DA:45,0
DA:47,0
DA:49,0
DA:51,0
DA:53,0
DA:57,5
DA:58,30
DA:59,5
DA:60,0
DA:61,5
DA:62,2
DA:64,8
DA:67,0
DA:72,8
DA:73,8
DA:75,2
DA:78,20
DA:79,5
DA:82,4
DA:83,1
DA:89,2
DA:90,4
DA:91,6
DA:92,6
DA:93,4
DA:94,6
DA:95,4
DA:96,4
DA:97,2
DA:99,0
DA:101,6
DA:103,0
DA:105,0
LF:55
LH:33
end_of_record
TN:
SF:/Users/tjs/repo/hgvs-rs/hgvs-weaver/src/utils.rs
FN:1,reverse_complement
FN:5,complement_dna_char
FN:14,aa1_to_aa3
FN:24,seq1_to_aa3
FN:28,translate_cds
FNF:5
FNDA:0,reverse_complement
FNDA:0,complement_dna_char
FNDA:0,aa1_to_aa3
FNDA:0,seq1_to_aa3
FNDA:0,translate_cds
DA:1,0
DA:2,0
DA:5,0
DA:6,0
DA:7,0
DA:8,0
DA:9,0
DA:10,0
DA:14,0
DA:15,0
DA:16,0
DA:17,0
DA:18,0
DA:19,0
DA:20,0
DA:24,0
DA:25,0
DA:28,0
DA:29,0
DA:30,0
DA:31,0
DA:32,0
DA:33,0
DA:34,0
DA:35,0
DA:36,0
DA:37,0
DA:38,0
DA:39,0
DA:40,0
DA:41,0
DA:42,0
DA:43,0
DA:44,0
DA:45,0
DA:46,0
DA:47,0
DA:48,0
DA:49,0
DA:50,0
DA:52,0
DA:53,0
DA:55,0
LF:43
LH:0
end_of_record
